2023/04/22 01:37:19 [notice] 1#1: using the "epoll" event method
2023/04/22 01:37:19 [notice] 1#1: nginx/1.23.3
2023/04/22 01:37:19 [notice] 1#1: built by gcc 10.2.1 20210110 (Debian 10.2.1-6) 
2023/04/22 01:37:19 [notice] 1#1: OS: Linux 5.15.90.1-microsoft-standard-WSL2
2023/04/22 01:37:19 [notice] 1#1: getrlimit(RLIMIT_NOFILE): 1048576:1048576
2023/04/22 01:37:19 [notice] 1#1: start worker processes
2023/04/22 01:37:19 [notice] 1#1: start worker process 21
2023/04/22 01:37:19 [notice] 1#1: start worker process 22
2023/04/22 01:37:19 [notice] 1#1: start worker process 23
2023/04/22 01:37:19 [notice] 1#1: start worker process 24
2023/04/22 01:37:19 [notice] 1#1: start worker process 25
2023/04/22 01:37:19 [notice] 1#1: start worker process 26
2023/04/22 01:37:19 [notice] 1#1: start worker process 27
2023/04/22 01:37:19 [notice] 1#1: start worker process 28
2023/04/22 01:38:34 [error] 21#21: *1 connect() failed (111: Connection refused) while connecting to upstream, client: 172.20.0.1, server: localhost, request: "GET / HTTP/1.1", upstream: "uwsgi://172.20.0.2:8000", host: "localhost"
2023/04/22 01:43:20 [notice] 1#1: signal 3 (SIGQUIT) received, shutting down
2023/04/22 01:43:20 [notice] 21#21: gracefully shutting down
2023/04/22 01:43:20 [notice] 22#22: gracefully shutting down
2023/04/22 01:43:20 [notice] 25#25: gracefully shutting down
2023/04/22 01:43:20 [notice] 26#26: gracefully shutting down
2023/04/22 01:43:20 [notice] 27#27: gracefully shutting down
2023/04/22 01:43:20 [notice] 23#23: gracefully shutting down
2023/04/22 01:43:20 [notice] 24#24: gracefully shutting down
2023/04/22 01:43:20 [notice] 28#28: gracefully shutting down
2023/04/22 01:43:20 [notice] 21#21: exiting
2023/04/22 01:43:20 [notice] 22#22: exiting
2023/04/22 01:43:20 [notice] 25#25: exiting
2023/04/22 01:43:20 [notice] 26#26: exiting
2023/04/22 01:43:20 [notice] 27#27: exiting
2023/04/22 01:43:20 [notice] 23#23: exiting
2023/04/22 01:43:20 [notice] 24#24: exiting
2023/04/22 01:43:20 [notice] 28#28: exiting
2023/04/22 01:43:20 [notice] 21#21: exit
2023/04/22 01:43:20 [notice] 22#22: exit
2023/04/22 01:43:20 [notice] 25#25: exit
2023/04/22 01:43:20 [notice] 26#26: exit
2023/04/22 01:43:20 [notice] 27#27: exit
2023/04/22 01:43:20 [notice] 23#23: exit
2023/04/22 01:43:20 [notice] 24#24: exit
2023/04/22 01:43:20 [notice] 28#28: exit
2023/04/22 01:43:20 [notice] 1#1: signal 17 (SIGCHLD) received from 21
2023/04/22 01:43:20 [notice] 1#1: worker process 21 exited with code 0
2023/04/22 01:43:20 [notice] 1#1: worker process 27 exited with code 0
2023/04/22 01:43:20 [notice] 1#1: signal 29 (SIGIO) received
2023/04/22 01:43:20 [notice] 1#1: signal 17 (SIGCHLD) received from 25
2023/04/22 01:43:20 [notice] 1#1: worker process 22 exited with code 0
2023/04/22 01:43:20 [notice] 1#1: worker process 23 exited with code 0
2023/04/22 01:43:20 [notice] 1#1: worker process 24 exited with code 0
2023/04/22 01:43:20 [notice] 1#1: worker process 25 exited with code 0
2023/04/22 01:43:20 [notice] 1#1: signal 29 (SIGIO) received
2023/04/22 01:43:20 [notice] 1#1: signal 17 (SIGCHLD) received from 22
2023/04/22 01:43:20 [notice] 1#1: signal 17 (SIGCHLD) received from 28
2023/04/22 01:43:20 [notice] 1#1: worker process 26 exited with code 0
2023/04/22 01:43:20 [notice] 1#1: worker process 28 exited with code 0
2023/04/22 01:43:20 [notice] 1#1: exit
2023/04/22 01:44:53 [notice] 1#1: using the "epoll" event method
2023/04/22 01:44:53 [notice] 1#1: nginx/1.23.3
2023/04/22 01:44:53 [notice] 1#1: built by gcc 10.2.1 20210110 (Debian 10.2.1-6) 
2023/04/22 01:44:53 [notice] 1#1: OS: Linux 5.15.90.1-microsoft-standard-WSL2
2023/04/22 01:44:53 [notice] 1#1: getrlimit(RLIMIT_NOFILE): 1048576:1048576
2023/04/22 01:44:53 [notice] 1#1: start worker processes
2023/04/22 01:44:53 [notice] 1#1: start worker process 20
2023/04/22 01:44:53 [notice] 1#1: start worker process 21
2023/04/22 01:44:53 [notice] 1#1: start worker process 22
2023/04/22 01:44:53 [notice] 1#1: start worker process 23
2023/04/22 01:44:53 [notice] 1#1: start worker process 24
2023/04/22 01:44:53 [notice] 1#1: start worker process 25
2023/04/22 01:44:53 [notice] 1#1: start worker process 26
2023/04/22 01:44:53 [notice] 1#1: start worker process 27
2023/04/22 01:45:05 [notice] 1#1: signal 3 (SIGQUIT) received, shutting down
2023/04/22 01:45:05 [notice] 20#20: gracefully shutting down
2023/04/22 01:45:05 [notice] 21#21: gracefully shutting down
2023/04/22 01:45:05 [notice] 22#22: gracefully shutting down
2023/04/22 01:45:05 [notice] 23#23: gracefully shutting down
2023/04/22 01:45:05 [notice] 27#27: gracefully shutting down
2023/04/22 01:45:05 [notice] 25#25: gracefully shutting down
2023/04/22 01:45:05 [notice] 24#24: gracefully shutting down
2023/04/22 01:45:05 [notice] 26#26: gracefully shutting down
2023/04/22 01:45:05 [notice] 20#20: exiting
2023/04/22 01:45:05 [notice] 21#21: exiting
2023/04/22 01:45:05 [notice] 22#22: exiting
2023/04/22 01:45:05 [notice] 23#23: exiting
2023/04/22 01:45:05 [notice] 27#27: exiting
2023/04/22 01:45:05 [notice] 25#25: exiting
2023/04/22 01:45:05 [notice] 24#24: exiting
2023/04/22 01:45:05 [notice] 26#26: exiting
2023/04/22 01:45:05 [notice] 20#20: exit
2023/04/22 01:45:05 [notice] 21#21: exit
2023/04/22 01:45:05 [notice] 22#22: exit
2023/04/22 01:45:05 [notice] 23#23: exit
2023/04/22 01:45:05 [notice] 27#27: exit
2023/04/22 01:45:05 [notice] 25#25: exit
2023/04/22 01:45:05 [notice] 24#24: exit
2023/04/22 01:45:05 [notice] 26#26: exit
2023/04/22 01:45:06 [notice] 1#1: signal 17 (SIGCHLD) received from 20
2023/04/22 01:45:06 [notice] 1#1: worker process 20 exited with code 0
2023/04/22 01:45:06 [notice] 1#1: signal 29 (SIGIO) received
2023/04/22 01:45:06 [notice] 1#1: signal 17 (SIGCHLD) received from 21
2023/04/22 01:45:06 [notice] 1#1: worker process 21 exited with code 0
2023/04/22 01:45:06 [notice] 1#1: worker process 23 exited with code 0
2023/04/22 01:45:06 [notice] 1#1: worker process 24 exited with code 0
2023/04/22 01:45:06 [notice] 1#1: worker process 25 exited with code 0
2023/04/22 01:45:06 [notice] 1#1: worker process 26 exited with code 0
2023/04/22 01:45:06 [notice] 1#1: worker process 27 exited with code 0
2023/04/22 01:45:06 [notice] 1#1: signal 29 (SIGIO) received
2023/04/22 01:45:06 [notice] 1#1: signal 17 (SIGCHLD) received from 27
2023/04/22 01:45:06 [notice] 1#1: signal 17 (SIGCHLD) received from 22
2023/04/22 01:45:06 [notice] 1#1: worker process 22 exited with code 0
2023/04/22 01:45:06 [notice] 1#1: exit
2023/04/22 01:46:56 [notice] 1#1: using the "epoll" event method
2023/04/22 01:46:56 [notice] 1#1: nginx/1.23.3
2023/04/22 01:46:56 [notice] 1#1: built by gcc 10.2.1 20210110 (Debian 10.2.1-6) 
2023/04/22 01:46:56 [notice] 1#1: OS: Linux 5.15.90.1-microsoft-standard-WSL2
2023/04/22 01:46:56 [notice] 1#1: getrlimit(RLIMIT_NOFILE): 1048576:1048576
2023/04/22 01:46:56 [notice] 1#1: start worker processes
2023/04/22 01:46:56 [notice] 1#1: start worker process 20
2023/04/22 01:46:56 [notice] 1#1: start worker process 21
2023/04/22 01:46:56 [notice] 1#1: start worker process 22
2023/04/22 01:46:56 [notice] 1#1: start worker process 23
2023/04/22 01:46:56 [notice] 1#1: start worker process 24
2023/04/22 01:46:56 [notice] 1#1: start worker process 25
2023/04/22 01:46:56 [notice] 1#1: start worker process 26
2023/04/22 01:46:56 [notice] 1#1: start worker process 27
2023/04/22 01:51:38 [notice] 1#1: signal 3 (SIGQUIT) received, shutting down
2023/04/22 01:51:38 [notice] 20#20: gracefully shutting down
2023/04/22 01:51:38 [notice] 21#21: gracefully shutting down
2023/04/22 01:51:38 [notice] 22#22: gracefully shutting down
2023/04/22 01:51:38 [notice] 24#24: gracefully shutting down
2023/04/22 01:51:38 [notice] 26#26: gracefully shutting down
2023/04/22 01:51:38 [notice] 27#27: gracefully shutting down
2023/04/22 01:51:38 [notice] 23#23: gracefully shutting down
2023/04/22 01:51:38 [notice] 25#25: gracefully shutting down
2023/04/22 01:51:38 [notice] 20#20: exiting
2023/04/22 01:51:38 [notice] 20#20: exit
2023/04/22 01:51:38 [notice] 21#21: exiting
2023/04/22 01:51:38 [notice] 22#22: exiting
2023/04/22 01:51:38 [notice] 24#24: exiting
2023/04/22 01:51:38 [notice] 26#26: exiting
2023/04/22 01:51:38 [notice] 27#27: exiting
2023/04/22 01:51:38 [notice] 23#23: exiting
2023/04/22 01:51:38 [notice] 25#25: exiting
2023/04/22 01:51:38 [notice] 21#21: exit
2023/04/22 01:51:38 [notice] 22#22: exit
2023/04/22 01:51:38 [notice] 24#24: exit
2023/04/22 01:51:38 [notice] 26#26: exit
2023/04/22 01:51:38 [notice] 27#27: exit
2023/04/22 01:51:38 [notice] 23#23: exit
2023/04/22 01:51:38 [notice] 25#25: exit
2023/04/22 01:51:38 [notice] 1#1: signal 17 (SIGCHLD) received from 20
2023/04/22 01:51:38 [notice] 1#1: worker process 20 exited with code 0
2023/04/22 01:51:38 [notice] 1#1: worker process 23 exited with code 0
2023/04/22 01:51:38 [notice] 1#1: worker process 24 exited with code 0
2023/04/22 01:51:38 [notice] 1#1: worker process 27 exited with code 0
2023/04/22 01:51:38 [notice] 1#1: signal 29 (SIGIO) received
2023/04/22 01:51:38 [notice] 1#1: signal 17 (SIGCHLD) received from 25
2023/04/22 01:51:38 [notice] 1#1: worker process 22 exited with code 0
2023/04/22 01:51:38 [notice] 1#1: worker process 25 exited with code 0
2023/04/22 01:51:38 [notice] 1#1: worker process 26 exited with code 0
2023/04/22 01:51:38 [notice] 1#1: signal 29 (SIGIO) received
2023/04/22 01:51:38 [notice] 1#1: signal 17 (SIGCHLD) received from 26
2023/04/22 01:51:38 [notice] 1#1: signal 17 (SIGCHLD) received from 21
2023/04/22 01:51:38 [notice] 1#1: worker process 21 exited with code 0
2023/04/22 01:51:38 [notice] 1#1: exit
2023/04/22 03:29:11 [notice] 1#1: using the "epoll" event method
2023/04/22 03:29:11 [notice] 1#1: nginx/1.23.3
2023/04/22 03:29:11 [notice] 1#1: built by gcc 10.2.1 20210110 (Debian 10.2.1-6) 
2023/04/22 03:29:11 [notice] 1#1: OS: Linux 5.15.90.1-microsoft-standard-WSL2
2023/04/22 03:29:11 [notice] 1#1: getrlimit(RLIMIT_NOFILE): 1048576:1048576
2023/04/22 03:29:11 [notice] 1#1: start worker processes
2023/04/22 03:29:11 [notice] 1#1: start worker process 20
2023/04/22 03:29:11 [notice] 1#1: start worker process 21
2023/04/22 03:29:11 [notice] 1#1: start worker process 22
2023/04/22 03:29:11 [notice] 1#1: start worker process 23
2023/04/22 03:29:11 [notice] 1#1: start worker process 24
2023/04/22 03:29:11 [notice] 1#1: start worker process 25
2023/04/22 03:29:11 [notice] 1#1: start worker process 26
2023/04/22 03:29:11 [notice] 1#1: start worker process 27
2023/04/22 03:34:50 [notice] 1#1: signal 3 (SIGQUIT) received, shutting down
2023/04/22 03:34:50 [notice] 20#20: gracefully shutting down
2023/04/22 03:34:50 [notice] 22#22: gracefully shutting down
2023/04/22 03:34:50 [notice] 22#22: exiting
2023/04/22 03:34:50 [notice] 21#21: gracefully shutting down
2023/04/22 03:34:50 [notice] 23#23: gracefully shutting down
2023/04/22 03:34:50 [notice] 24#24: gracefully shutting down
2023/04/22 03:34:50 [notice] 26#26: gracefully shutting down
2023/04/22 03:34:50 [notice] 25#25: gracefully shutting down
2023/04/22 03:34:50 [notice] 27#27: gracefully shutting down
2023/04/22 03:34:50 [notice] 20#20: exiting
2023/04/22 03:34:50 [notice] 22#22: exit
2023/04/22 03:34:50 [notice] 21#21: exiting
2023/04/22 03:34:50 [notice] 23#23: exiting
2023/04/22 03:34:50 [notice] 23#23: exit
2023/04/22 03:34:50 [notice] 24#24: exiting
2023/04/22 03:34:50 [notice] 26#26: exiting
2023/04/22 03:34:50 [notice] 25#25: exiting
2023/04/22 03:34:50 [notice] 27#27: exiting
2023/04/22 03:34:50 [notice] 20#20: exit
2023/04/22 03:34:50 [notice] 21#21: exit
2023/04/22 03:34:50 [notice] 24#24: exit
2023/04/22 03:34:50 [notice] 26#26: exit
2023/04/22 03:34:50 [notice] 25#25: exit
2023/04/22 03:34:50 [notice] 27#27: exit
2023/04/22 03:34:50 [notice] 1#1: signal 17 (SIGCHLD) received from 23
2023/04/22 03:34:50 [notice] 1#1: worker process 23 exited with code 0
2023/04/22 03:34:50 [notice] 1#1: signal 29 (SIGIO) received
2023/04/22 03:34:50 [notice] 1#1: signal 17 (SIGCHLD) received from 25
2023/04/22 03:34:50 [notice] 1#1: worker process 20 exited with code 0
2023/04/22 03:34:50 [notice] 1#1: worker process 25 exited with code 0
2023/04/22 03:34:50 [notice] 1#1: signal 29 (SIGIO) received
2023/04/22 03:34:50 [notice] 1#1: signal 17 (SIGCHLD) received from 26
2023/04/22 03:34:50 [notice] 1#1: worker process 26 exited with code 0
2023/04/22 03:34:50 [notice] 1#1: worker process 27 exited with code 0
2023/04/22 03:34:50 [notice] 1#1: signal 29 (SIGIO) received
2023/04/22 03:34:50 [notice] 1#1: signal 17 (SIGCHLD) received from 22
2023/04/22 03:34:50 [notice] 1#1: worker process 22 exited with code 0
2023/04/22 03:34:50 [notice] 1#1: signal 29 (SIGIO) received
2023/04/22 03:34:50 [notice] 1#1: signal 17 (SIGCHLD) received from 21
2023/04/22 03:34:50 [notice] 1#1: worker process 21 exited with code 0
2023/04/22 03:34:50 [notice] 1#1: signal 29 (SIGIO) received
2023/04/22 03:34:50 [notice] 1#1: signal 17 (SIGCHLD) received from 24
2023/04/22 03:34:50 [notice] 1#1: worker process 24 exited with code 0
2023/04/22 03:34:50 [notice] 1#1: exit
2023/04/22 03:35:52 [notice] 1#1: using the "epoll" event method
2023/04/22 03:35:52 [notice] 1#1: nginx/1.23.3
2023/04/22 03:35:52 [notice] 1#1: built by gcc 10.2.1 20210110 (Debian 10.2.1-6) 
2023/04/22 03:35:52 [notice] 1#1: OS: Linux 5.15.90.1-microsoft-standard-WSL2
2023/04/22 03:35:52 [notice] 1#1: getrlimit(RLIMIT_NOFILE): 1048576:1048576
2023/04/22 03:35:52 [notice] 1#1: start worker processes
2023/04/22 03:35:52 [notice] 1#1: start worker process 20
2023/04/22 03:35:52 [notice] 1#1: start worker process 21
2023/04/22 03:35:52 [notice] 1#1: start worker process 22
2023/04/22 03:35:52 [notice] 1#1: start worker process 23
2023/04/22 03:35:52 [notice] 1#1: start worker process 24
2023/04/22 03:35:52 [notice] 1#1: start worker process 25
2023/04/22 03:35:52 [notice] 1#1: start worker process 26
2023/04/22 03:35:52 [notice] 1#1: start worker process 27
2023/04/22 03:37:40 [error] 20#20: *1 connect() failed (111: Connection refused) while connecting to upstream, client: 172.23.0.1, server: localhost, request: "POST /api/login/ HTTP/1.1", upstream: "uwsgi://172.23.0.2:8000", host: "127.0.0.1:80"
2023/04/22 03:38:25 [notice] 1#1: signal 3 (SIGQUIT) received, shutting down
2023/04/22 03:38:25 [notice] 20#20: gracefully shutting down
2023/04/22 03:38:25 [notice] 22#22: gracefully shutting down
2023/04/22 03:38:25 [notice] 21#21: gracefully shutting down
2023/04/22 03:38:25 [notice] 23#23: gracefully shutting down
2023/04/22 03:38:25 [notice] 24#24: gracefully shutting down
2023/04/22 03:38:25 [notice] 27#27: gracefully shutting down
2023/04/22 03:38:25 [notice] 25#25: gracefully shutting down
2023/04/22 03:38:25 [notice] 26#26: gracefully shutting down
2023/04/22 03:38:25 [notice] 20#20: exiting
2023/04/22 03:38:25 [notice] 22#22: exiting
2023/04/22 03:38:25 [notice] 21#21: exiting
2023/04/22 03:38:25 [notice] 23#23: exiting
2023/04/22 03:38:25 [notice] 24#24: exiting
2023/04/22 03:38:25 [notice] 27#27: exiting
2023/04/22 03:38:25 [notice] 25#25: exiting
2023/04/22 03:38:25 [notice] 26#26: exiting
2023/04/22 03:38:25 [notice] 20#20: exit
2023/04/22 03:38:25 [notice] 22#22: exit
2023/04/22 03:38:25 [notice] 21#21: exit
2023/04/22 03:38:25 [notice] 23#23: exit
2023/04/22 03:38:25 [notice] 24#24: exit
2023/04/22 03:38:25 [notice] 27#27: exit
2023/04/22 03:38:25 [notice] 25#25: exit
2023/04/22 03:38:25 [notice] 26#26: exit
2023/04/22 03:38:25 [notice] 1#1: signal 17 (SIGCHLD) received from 22
2023/04/22 03:38:25 [notice] 1#1: worker process 22 exited with code 0
2023/04/22 03:38:25 [notice] 1#1: signal 29 (SIGIO) received
2023/04/22 03:38:25 [notice] 1#1: signal 17 (SIGCHLD) received from 23
2023/04/22 03:38:25 [notice] 1#1: worker process 23 exited with code 0
2023/04/22 03:38:25 [notice] 1#1: signal 29 (SIGIO) received
2023/04/22 03:38:25 [notice] 1#1: signal 17 (SIGCHLD) received from 25
2023/04/22 03:38:25 [notice] 1#1: worker process 25 exited with code 0
2023/04/22 03:38:25 [notice] 1#1: signal 29 (SIGIO) received
2023/04/22 03:38:25 [notice] 1#1: signal 17 (SIGCHLD) received from 27
2023/04/22 03:38:25 [notice] 1#1: worker process 21 exited with code 0
2023/04/22 03:38:25 [notice] 1#1: worker process 27 exited with code 0
2023/04/22 03:38:25 [notice] 1#1: signal 29 (SIGIO) received
2023/04/22 03:38:25 [notice] 1#1: signal 17 (SIGCHLD) received from 21
2023/04/22 03:38:25 [notice] 1#1: signal 17 (SIGCHLD) received from 20
2023/04/22 03:38:25 [notice] 1#1: worker process 20 exited with code 0
2023/04/22 03:38:25 [notice] 1#1: signal 29 (SIGIO) received
2023/04/22 03:38:25 [notice] 1#1: signal 17 (SIGCHLD) received from 26
2023/04/22 03:38:25 [notice] 1#1: worker process 24 exited with code 0
2023/04/22 03:38:25 [notice] 1#1: worker process 26 exited with code 0
2023/04/22 03:38:25 [notice] 1#1: exit
2023/04/22 03:40:10 [notice] 1#1: using the "epoll" event method
2023/04/22 03:40:10 [notice] 1#1: nginx/1.23.3
2023/04/22 03:40:10 [notice] 1#1: built by gcc 10.2.1 20210110 (Debian 10.2.1-6) 
2023/04/22 03:40:10 [notice] 1#1: OS: Linux 5.15.90.1-microsoft-standard-WSL2
2023/04/22 03:40:10 [notice] 1#1: getrlimit(RLIMIT_NOFILE): 1048576:1048576
2023/04/22 03:40:10 [notice] 1#1: start worker processes
2023/04/22 03:40:10 [notice] 1#1: start worker process 20
2023/04/22 03:40:10 [notice] 1#1: start worker process 21
2023/04/22 03:40:10 [notice] 1#1: start worker process 22
2023/04/22 03:40:10 [notice] 1#1: start worker process 23
2023/04/22 03:40:10 [notice] 1#1: start worker process 24
2023/04/22 03:40:10 [notice] 1#1: start worker process 25
2023/04/22 03:40:10 [notice] 1#1: start worker process 26
2023/04/22 03:40:10 [notice] 1#1: start worker process 27
2023/04/22 03:42:17 [error] 20#20: *1 upstream prematurely closed connection while reading response header from upstream, client: 172.23.0.1, server: localhost, request: "POST /api/login/ HTTP/1.1", upstream: "uwsgi://172.23.0.2:8000", host: "127.0.0.1:80"
2023/04/22 03:48:01 [notice] 1#1: signal 3 (SIGQUIT) received, shutting down
2023/04/22 03:48:01 [notice] 20#20: gracefully shutting down
2023/04/22 03:48:01 [notice] 21#21: gracefully shutting down
2023/04/22 03:48:01 [notice] 22#22: gracefully shutting down
2023/04/22 03:48:01 [notice] 23#23: gracefully shutting down
2023/04/22 03:48:01 [notice] 25#25: gracefully shutting down
2023/04/22 03:48:01 [notice] 27#27: gracefully shutting down
2023/04/22 03:48:01 [notice] 26#26: gracefully shutting down
2023/04/22 03:48:01 [notice] 24#24: gracefully shutting down
2023/04/22 03:48:01 [notice] 20#20: exiting
2023/04/22 03:48:01 [notice] 21#21: exiting
2023/04/22 03:48:01 [notice] 22#22: exiting
2023/04/22 03:48:01 [notice] 23#23: exiting
2023/04/22 03:48:01 [notice] 25#25: exiting
2023/04/22 03:48:01 [notice] 27#27: exiting
2023/04/22 03:48:01 [notice] 26#26: exiting
2023/04/22 03:48:01 [notice] 24#24: exiting
2023/04/22 03:48:01 [notice] 20#20: exit
2023/04/22 03:48:01 [notice] 21#21: exit
2023/04/22 03:48:01 [notice] 22#22: exit
2023/04/22 03:48:01 [notice] 23#23: exit
2023/04/22 03:48:01 [notice] 25#25: exit
2023/04/22 03:48:01 [notice] 27#27: exit
2023/04/22 03:48:01 [notice] 26#26: exit
2023/04/22 03:48:01 [notice] 24#24: exit
2023/04/22 03:48:01 [notice] 1#1: signal 17 (SIGCHLD) received from 21
2023/04/22 03:48:01 [notice] 1#1: worker process 21 exited with code 0
2023/04/22 03:48:01 [notice] 1#1: worker process 25 exited with code 0
2023/04/22 03:48:01 [notice] 1#1: worker process 26 exited with code 0
2023/04/22 03:48:01 [notice] 1#1: signal 29 (SIGIO) received
2023/04/22 03:48:01 [notice] 1#1: signal 17 (SIGCHLD) received from 24
2023/04/22 03:48:01 [notice] 1#1: worker process 24 exited with code 0
2023/04/22 03:48:01 [notice] 1#1: worker process 27 exited with code 0
2023/04/22 03:48:01 [notice] 1#1: signal 29 (SIGIO) received
2023/04/22 03:48:01 [notice] 1#1: signal 17 (SIGCHLD) received from 23
2023/04/22 03:48:01 [notice] 1#1: worker process 23 exited with code 0
2023/04/22 03:48:01 [notice] 1#1: signal 29 (SIGIO) received
2023/04/22 03:48:01 [notice] 1#1: signal 17 (SIGCHLD) received from 20
2023/04/22 03:48:01 [notice] 1#1: worker process 20 exited with code 0
2023/04/22 03:48:01 [notice] 1#1: worker process 22 exited with code 0
2023/04/22 03:48:01 [notice] 1#1: exit
2023/04/22 03:49:33 [notice] 1#1: using the "epoll" event method
2023/04/22 03:49:33 [notice] 1#1: nginx/1.23.3
2023/04/22 03:49:33 [notice] 1#1: built by gcc 10.2.1 20210110 (Debian 10.2.1-6) 
2023/04/22 03:49:33 [notice] 1#1: OS: Linux 5.15.90.1-microsoft-standard-WSL2
2023/04/22 03:49:33 [notice] 1#1: getrlimit(RLIMIT_NOFILE): 1048576:1048576
2023/04/22 03:49:33 [notice] 1#1: start worker processes
2023/04/22 03:49:33 [notice] 1#1: start worker process 20
2023/04/22 03:49:33 [notice] 1#1: start worker process 21
2023/04/22 03:49:33 [notice] 1#1: start worker process 22
2023/04/22 03:49:33 [notice] 1#1: start worker process 23
2023/04/22 03:49:33 [notice] 1#1: start worker process 24
2023/04/22 03:49:33 [notice] 1#1: start worker process 25
2023/04/22 03:49:33 [notice] 1#1: start worker process 26
2023/04/22 03:49:33 [notice] 1#1: start worker process 27
2023/04/22 03:52:33 [notice] 1#1: signal 3 (SIGQUIT) received, shutting down
2023/04/22 03:52:33 [notice] 20#20: gracefully shutting down
2023/04/22 03:52:33 [notice] 20#20: exiting
2023/04/22 03:52:33 [notice] 21#21: gracefully shutting down
2023/04/22 03:52:33 [notice] 23#23: gracefully shutting down
2023/04/22 03:52:33 [notice] 22#22: gracefully shutting down
2023/04/22 03:52:33 [notice] 22#22: exiting
2023/04/22 03:52:33 [notice] 26#26: gracefully shutting down
2023/04/22 03:52:33 [notice] 25#25: gracefully shutting down
2023/04/22 03:52:33 [notice] 25#25: exiting
2023/04/22 03:52:33 [notice] 24#24: gracefully shutting down
2023/04/22 03:52:33 [notice] 27#27: gracefully shutting down
2023/04/22 03:52:33 [notice] 20#20: exit
2023/04/22 03:52:33 [notice] 21#21: exiting
2023/04/22 03:52:33 [notice] 23#23: exiting
2023/04/22 03:52:33 [notice] 22#22: exit
2023/04/22 03:52:33 [notice] 26#26: exiting
2023/04/22 03:52:33 [notice] 25#25: exit
2023/04/22 03:52:33 [notice] 24#24: exiting
2023/04/22 03:52:33 [notice] 27#27: exiting
2023/04/22 03:52:33 [notice] 21#21: exit
2023/04/22 03:52:33 [notice] 23#23: exit
2023/04/22 03:52:33 [notice] 26#26: exit
2023/04/22 03:52:33 [notice] 24#24: exit
2023/04/22 03:52:33 [notice] 27#27: exit
2023/04/22 03:52:33 [notice] 1#1: signal 17 (SIGCHLD) received from 21
2023/04/22 03:52:33 [notice] 1#1: worker process 21 exited with code 0
2023/04/22 03:52:33 [notice] 1#1: signal 29 (SIGIO) received
2023/04/22 03:52:33 [notice] 1#1: signal 17 (SIGCHLD) received from 26
2023/04/22 03:52:33 [notice] 1#1: worker process 20 exited with code 0
2023/04/22 03:52:33 [notice] 1#1: worker process 26 exited with code 0
2023/04/22 03:52:33 [notice] 1#1: signal 29 (SIGIO) received
2023/04/22 03:52:33 [notice] 1#1: signal 17 (SIGCHLD) received from 24
2023/04/22 03:52:33 [notice] 1#1: worker process 24 exited with code 0
2023/04/22 03:52:33 [notice] 1#1: worker process 27 exited with code 0
2023/04/22 03:52:33 [notice] 1#1: signal 29 (SIGIO) received
2023/04/22 03:52:33 [notice] 1#1: signal 17 (SIGCHLD) received from 22
2023/04/22 03:52:33 [notice] 1#1: worker process 22 exited with code 0
2023/04/22 03:52:33 [notice] 1#1: signal 29 (SIGIO) received
2023/04/22 03:52:33 [notice] 1#1: signal 17 (SIGCHLD) received from 23
2023/04/22 03:52:33 [notice] 1#1: worker process 23 exited with code 0
2023/04/22 03:52:33 [notice] 1#1: worker process 25 exited with code 0
2023/04/22 03:52:33 [notice] 1#1: exit
2023/04/22 03:53:19 [notice] 1#1: using the "epoll" event method
2023/04/22 03:53:19 [notice] 1#1: nginx/1.23.3
2023/04/22 03:53:19 [notice] 1#1: built by gcc 10.2.1 20210110 (Debian 10.2.1-6) 
2023/04/22 03:53:19 [notice] 1#1: OS: Linux 5.15.90.1-microsoft-standard-WSL2
2023/04/22 03:53:19 [notice] 1#1: getrlimit(RLIMIT_NOFILE): 1048576:1048576
2023/04/22 03:53:19 [notice] 1#1: start worker processes
2023/04/22 03:53:19 [notice] 1#1: start worker process 20
2023/04/22 03:53:19 [notice] 1#1: start worker process 21
2023/04/22 03:53:19 [notice] 1#1: start worker process 22
2023/04/22 03:53:19 [notice] 1#1: start worker process 23
2023/04/22 03:53:19 [notice] 1#1: start worker process 24
2023/04/22 03:53:19 [notice] 1#1: start worker process 25
2023/04/22 03:53:19 [notice] 1#1: start worker process 26
2023/04/22 03:53:19 [notice] 1#1: start worker process 27
2023/04/22 03:53:26 [error] 20#20: *1 connect() failed (111: Connection refused) while connecting to upstream, client: 172.25.0.1, server: localhost, request: "POST /api/login/ HTTP/1.1", upstream: "uwsgi://172.25.0.2:8000", host: "127.0.0.1:80"
2023/04/22 04:01:14 [notice] 1#1: signal 3 (SIGQUIT) received, shutting down
2023/04/22 04:01:14 [notice] 20#20: gracefully shutting down
2023/04/22 04:01:14 [notice] 23#23: gracefully shutting down
2023/04/22 04:01:14 [notice] 21#21: gracefully shutting down
2023/04/22 04:01:14 [notice] 24#24: gracefully shutting down
2023/04/22 04:01:14 [notice] 25#25: gracefully shutting down
2023/04/22 04:01:14 [notice] 22#22: gracefully shutting down
2023/04/22 04:01:14 [notice] 27#27: gracefully shutting down
2023/04/22 04:01:14 [notice] 26#26: gracefully shutting down
2023/04/22 04:01:14 [notice] 20#20: exiting
2023/04/22 04:01:14 [notice] 23#23: exiting
2023/04/22 04:01:14 [notice] 21#21: exiting
2023/04/22 04:01:14 [notice] 24#24: exiting
2023/04/22 04:01:14 [notice] 25#25: exiting
2023/04/22 04:01:14 [notice] 22#22: exiting
2023/04/22 04:01:14 [notice] 27#27: exiting
2023/04/22 04:01:14 [notice] 26#26: exiting
2023/04/22 04:01:14 [notice] 26#26: exit
2023/04/22 04:01:14 [notice] 20#20: exit
2023/04/22 04:01:14 [notice] 23#23: exit
2023/04/22 04:01:14 [notice] 21#21: exit
2023/04/22 04:01:14 [notice] 24#24: exit
2023/04/22 04:01:14 [notice] 25#25: exit
2023/04/22 04:01:14 [notice] 22#22: exit
2023/04/22 04:01:14 [notice] 27#27: exit
2023/04/22 04:01:14 [notice] 1#1: signal 17 (SIGCHLD) received from 25
2023/04/22 04:01:14 [notice] 1#1: worker process 25 exited with code 0
2023/04/22 04:01:14 [notice] 1#1: signal 29 (SIGIO) received
2023/04/22 04:01:14 [notice] 1#1: signal 17 (SIGCHLD) received from 20
2023/04/22 04:01:14 [notice] 1#1: worker process 20 exited with code 0
2023/04/22 04:01:14 [notice] 1#1: worker process 22 exited with code 0
2023/04/22 04:01:14 [notice] 1#1: worker process 24 exited with code 0
2023/04/22 04:01:14 [notice] 1#1: signal 29 (SIGIO) received
2023/04/22 04:01:14 [notice] 1#1: signal 17 (SIGCHLD) received from 21
2023/04/22 04:01:14 [notice] 1#1: worker process 21 exited with code 0
2023/04/22 04:01:14 [notice] 1#1: worker process 23 exited with code 0
2023/04/22 04:01:14 [notice] 1#1: worker process 26 exited with code 0
2023/04/22 04:01:14 [notice] 1#1: worker process 27 exited with code 0
2023/04/22 04:01:14 [notice] 1#1: exit
2023/04/22 06:50:46 [notice] 1#1: using the "epoll" event method
2023/04/22 06:50:46 [notice] 1#1: nginx/1.23.3
2023/04/22 06:50:46 [notice] 1#1: built by gcc 10.2.1 20210110 (Debian 10.2.1-6) 
2023/04/22 06:50:46 [notice] 1#1: OS: Linux 5.15.90.1-microsoft-standard-WSL2
2023/04/22 06:50:46 [notice] 1#1: getrlimit(RLIMIT_NOFILE): 1048576:1048576
2023/04/22 06:50:46 [notice] 1#1: start worker processes
2023/04/22 06:50:46 [notice] 1#1: start worker process 20
2023/04/22 06:50:46 [notice] 1#1: start worker process 21
2023/04/22 06:50:46 [notice] 1#1: start worker process 22
2023/04/22 06:50:46 [notice] 1#1: start worker process 23
2023/04/22 06:50:46 [notice] 1#1: start worker process 24
2023/04/22 06:50:46 [notice] 1#1: start worker process 25
2023/04/22 06:50:46 [notice] 1#1: start worker process 26
2023/04/22 06:50:46 [notice] 1#1: start worker process 27
2023/04/22 06:51:53 [notice] 1#1: signal 3 (SIGQUIT) received, shutting down
2023/04/22 06:51:53 [notice] 20#20: gracefully shutting down
2023/04/22 06:51:53 [notice] 21#21: gracefully shutting down
2023/04/22 06:51:53 [notice] 21#21: exiting
2023/04/22 06:51:53 [notice] 22#22: gracefully shutting down
2023/04/22 06:51:53 [notice] 23#23: gracefully shutting down
2023/04/22 06:51:53 [notice] 25#25: gracefully shutting down
2023/04/22 06:51:53 [notice] 24#24: gracefully shutting down
2023/04/22 06:51:53 [notice] 27#27: gracefully shutting down
2023/04/22 06:51:53 [notice] 26#26: gracefully shutting down
2023/04/22 06:51:53 [notice] 20#20: exiting
2023/04/22 06:51:53 [notice] 21#21: exit
2023/04/22 06:51:53 [notice] 22#22: exiting
2023/04/22 06:51:53 [notice] 23#23: exiting
2023/04/22 06:51:53 [notice] 25#25: exiting
2023/04/22 06:51:53 [notice] 24#24: exiting
2023/04/22 06:51:53 [notice] 27#27: exiting
2023/04/22 06:51:53 [notice] 26#26: exiting
2023/04/22 06:51:53 [notice] 20#20: exit
2023/04/22 06:51:53 [notice] 22#22: exit
2023/04/22 06:51:53 [notice] 23#23: exit
2023/04/22 06:51:53 [notice] 25#25: exit
2023/04/22 06:51:53 [notice] 24#24: exit
2023/04/22 06:51:53 [notice] 27#27: exit
2023/04/22 06:51:53 [notice] 26#26: exit
2023/04/22 06:51:53 [notice] 1#1: signal 17 (SIGCHLD) received from 22
2023/04/22 06:51:53 [notice] 1#1: worker process 20 exited with code 0
2023/04/22 06:51:53 [notice] 1#1: worker process 22 exited with code 0
2023/04/22 06:51:53 [notice] 1#1: worker process 24 exited with code 0
2023/04/22 06:51:53 [notice] 1#1: worker process 26 exited with code 0
2023/04/22 06:51:53 [notice] 1#1: signal 29 (SIGIO) received
2023/04/22 06:51:53 [notice] 1#1: signal 17 (SIGCHLD) received from 23
2023/04/22 06:51:53 [notice] 1#1: worker process 21 exited with code 0
2023/04/22 06:51:53 [notice] 1#1: worker process 23 exited with code 0
2023/04/22 06:51:53 [notice] 1#1: signal 29 (SIGIO) received
2023/04/22 06:51:53 [notice] 1#1: signal 17 (SIGCHLD) received from 27
2023/04/22 06:51:53 [notice] 1#1: worker process 25 exited with code 0
2023/04/22 06:51:53 [notice] 1#1: worker process 27 exited with code 0
2023/04/22 06:51:53 [notice] 1#1: exit
2023/04/22 06:54:33 [notice] 1#1: using the "epoll" event method
2023/04/22 06:54:33 [notice] 1#1: nginx/1.23.3
2023/04/22 06:54:33 [notice] 1#1: built by gcc 10.2.1 20210110 (Debian 10.2.1-6) 
2023/04/22 06:54:33 [notice] 1#1: OS: Linux 5.15.90.1-microsoft-standard-WSL2
2023/04/22 06:54:33 [notice] 1#1: getrlimit(RLIMIT_NOFILE): 1048576:1048576
2023/04/22 06:54:33 [notice] 1#1: start worker processes
2023/04/22 06:54:33 [notice] 1#1: start worker process 20
2023/04/22 06:54:33 [notice] 1#1: start worker process 21
2023/04/22 06:54:33 [notice] 1#1: start worker process 22
2023/04/22 06:54:33 [notice] 1#1: start worker process 23
2023/04/22 06:54:33 [notice] 1#1: start worker process 24
2023/04/22 06:54:33 [notice] 1#1: start worker process 25
2023/04/22 06:54:33 [notice] 1#1: start worker process 26
2023/04/22 06:54:33 [notice] 1#1: start worker process 27
2023/04/22 07:03:48 [notice] 1#1: signal 3 (SIGQUIT) received, shutting down
2023/04/22 07:03:48 [notice] 20#20: gracefully shutting down
2023/04/22 07:03:48 [notice] 21#21: gracefully shutting down
2023/04/22 07:03:48 [notice] 22#22: gracefully shutting down
2023/04/22 07:03:48 [notice] 25#25: gracefully shutting down
2023/04/22 07:03:48 [notice] 24#24: gracefully shutting down
2023/04/22 07:03:48 [notice] 26#26: gracefully shutting down
2023/04/22 07:03:48 [notice] 27#27: gracefully shutting down
2023/04/22 07:03:48 [notice] 23#23: gracefully shutting down
2023/04/22 07:03:48 [notice] 20#20: exiting
2023/04/22 07:03:48 [notice] 21#21: exiting
2023/04/22 07:03:48 [notice] 22#22: exiting
2023/04/22 07:03:48 [notice] 25#25: exiting
2023/04/22 07:03:48 [notice] 24#24: exiting
2023/04/22 07:03:48 [notice] 26#26: exiting
2023/04/22 07:03:48 [notice] 27#27: exiting
2023/04/22 07:03:48 [notice] 23#23: exiting
2023/04/22 07:03:48 [notice] 20#20: exit
2023/04/22 07:03:48 [notice] 21#21: exit
2023/04/22 07:03:48 [notice] 22#22: exit
2023/04/22 07:03:48 [notice] 25#25: exit
2023/04/22 07:03:48 [notice] 24#24: exit
2023/04/22 07:03:48 [notice] 26#26: exit
2023/04/22 07:03:48 [notice] 27#27: exit
2023/04/22 07:03:48 [notice] 23#23: exit
2023/04/22 07:03:48 [notice] 1#1: signal 17 (SIGCHLD) received from 22
2023/04/22 07:03:48 [notice] 1#1: worker process 22 exited with code 0
2023/04/22 07:03:48 [notice] 1#1: signal 29 (SIGIO) received
2023/04/22 07:03:48 [notice] 1#1: signal 17 (SIGCHLD) received from 27
2023/04/22 07:03:48 [notice] 1#1: worker process 27 exited with code 0
2023/04/22 07:03:48 [notice] 1#1: signal 29 (SIGIO) received
2023/04/22 07:03:48 [notice] 1#1: signal 17 (SIGCHLD) received from 21
2023/04/22 07:03:48 [notice] 1#1: worker process 21 exited with code 0
2023/04/22 07:03:48 [notice] 1#1: signal 29 (SIGIO) received
2023/04/22 07:03:48 [notice] 1#1: signal 17 (SIGCHLD) received from 25
2023/04/22 07:03:48 [notice] 1#1: worker process 25 exited with code 0
2023/04/22 07:03:48 [notice] 1#1: signal 29 (SIGIO) received
2023/04/22 07:03:48 [notice] 1#1: signal 17 (SIGCHLD) received from 26
2023/04/22 07:03:48 [notice] 1#1: worker process 26 exited with code 0
2023/04/22 07:03:48 [notice] 1#1: signal 29 (SIGIO) received
2023/04/22 07:03:48 [notice] 1#1: signal 17 (SIGCHLD) received from 20
2023/04/22 07:03:48 [notice] 1#1: worker process 20 exited with code 0
2023/04/22 07:03:48 [notice] 1#1: signal 29 (SIGIO) received
2023/04/22 07:03:48 [notice] 1#1: signal 17 (SIGCHLD) received from 24
2023/04/22 07:03:48 [notice] 1#1: worker process 23 exited with code 0
2023/04/22 07:03:48 [notice] 1#1: worker process 24 exited with code 0
2023/04/22 07:03:48 [notice] 1#1: exit
2023/04/22 07:04:43 [notice] 1#1: using the "epoll" event method
2023/04/22 07:04:43 [notice] 1#1: nginx/1.23.3
2023/04/22 07:04:43 [notice] 1#1: built by gcc 10.2.1 20210110 (Debian 10.2.1-6) 
2023/04/22 07:04:43 [notice] 1#1: OS: Linux 5.15.90.1-microsoft-standard-WSL2
2023/04/22 07:04:43 [notice] 1#1: getrlimit(RLIMIT_NOFILE): 1048576:1048576
2023/04/22 07:04:43 [notice] 1#1: start worker processes
2023/04/22 07:04:43 [notice] 1#1: start worker process 20
2023/04/22 07:04:43 [notice] 1#1: start worker process 21
2023/04/22 07:04:43 [notice] 1#1: start worker process 22
2023/04/22 07:04:43 [notice] 1#1: start worker process 23
2023/04/22 07:04:43 [notice] 1#1: start worker process 24
2023/04/22 07:04:43 [notice] 1#1: start worker process 25
2023/04/22 07:04:43 [notice] 1#1: start worker process 26
2023/04/22 07:04:43 [notice] 1#1: start worker process 27
2023/04/22 07:25:52 [notice] 1#1: signal 3 (SIGQUIT) received, shutting down
2023/04/22 07:25:52 [notice] 20#20: gracefully shutting down
2023/04/22 07:25:52 [notice] 21#21: gracefully shutting down
2023/04/22 07:25:52 [notice] 22#22: gracefully shutting down
2023/04/22 07:25:52 [notice] 23#23: gracefully shutting down
2023/04/22 07:25:52 [notice] 24#24: gracefully shutting down
2023/04/22 07:25:52 [notice] 26#26: gracefully shutting down
2023/04/22 07:25:52 [notice] 27#27: gracefully shutting down
2023/04/22 07:25:52 [notice] 25#25: gracefully shutting down
2023/04/22 07:25:52 [notice] 20#20: exiting
2023/04/22 07:25:52 [notice] 21#21: exiting
2023/04/22 07:25:52 [notice] 22#22: exiting
2023/04/22 07:25:52 [notice] 23#23: exiting
2023/04/22 07:25:52 [notice] 24#24: exiting
2023/04/22 07:25:52 [notice] 26#26: exiting
2023/04/22 07:25:52 [notice] 27#27: exiting
2023/04/22 07:25:52 [notice] 25#25: exiting
2023/04/22 07:25:52 [notice] 20#20: exit
2023/04/22 07:25:52 [notice] 21#21: exit
2023/04/22 07:25:52 [notice] 22#22: exit
2023/04/22 07:25:52 [notice] 23#23: exit
2023/04/22 07:25:52 [notice] 24#24: exit
2023/04/22 07:25:52 [notice] 26#26: exit
2023/04/22 07:25:52 [notice] 27#27: exit
2023/04/22 07:25:52 [notice] 25#25: exit
2023/04/22 07:25:52 [notice] 1#1: signal 17 (SIGCHLD) received from 22
2023/04/22 07:25:52 [notice] 1#1: worker process 22 exited with code 0
2023/04/22 07:25:52 [notice] 1#1: worker process 25 exited with code 0
2023/04/22 07:25:52 [notice] 1#1: signal 29 (SIGIO) received
2023/04/22 07:25:52 [notice] 1#1: signal 17 (SIGCHLD) received from 25
2023/04/22 07:25:52 [notice] 1#1: signal 17 (SIGCHLD) received from 27
2023/04/22 07:25:52 [notice] 1#1: worker process 20 exited with code 0
2023/04/22 07:25:52 [notice] 1#1: worker process 21 exited with code 0
2023/04/22 07:25:52 [notice] 1#1: worker process 23 exited with code 0
2023/04/22 07:25:52 [notice] 1#1: worker process 27 exited with code 0
2023/04/22 07:25:52 [notice] 1#1: signal 29 (SIGIO) received
2023/04/22 07:25:52 [notice] 1#1: signal 17 (SIGCHLD) received from 26
2023/04/22 07:25:52 [notice] 1#1: worker process 26 exited with code 0
2023/04/22 07:25:52 [notice] 1#1: signal 29 (SIGIO) received
2023/04/22 07:25:52 [notice] 1#1: signal 17 (SIGCHLD) received from 24
2023/04/22 07:25:52 [notice] 1#1: worker process 24 exited with code 0
2023/04/22 07:25:52 [notice] 1#1: exit
2023/04/22 07:57:54 [notice] 1#1: using the "epoll" event method
2023/04/22 07:57:54 [notice] 1#1: nginx/1.23.3
2023/04/22 07:57:54 [notice] 1#1: built by gcc 10.2.1 20210110 (Debian 10.2.1-6) 
2023/04/22 07:57:54 [notice] 1#1: OS: Linux 5.15.90.1-microsoft-standard-WSL2
2023/04/22 07:57:54 [notice] 1#1: getrlimit(RLIMIT_NOFILE): 1048576:1048576
2023/04/22 07:57:54 [notice] 1#1: start worker processes
2023/04/22 07:57:54 [notice] 1#1: start worker process 20
2023/04/22 07:57:54 [notice] 1#1: start worker process 21
2023/04/22 07:57:54 [notice] 1#1: start worker process 22
2023/04/22 07:57:54 [notice] 1#1: start worker process 23
2023/04/22 07:57:54 [notice] 1#1: start worker process 24
2023/04/22 07:57:54 [notice] 1#1: start worker process 25
2023/04/22 07:57:54 [notice] 1#1: start worker process 26
2023/04/22 07:57:54 [notice] 1#1: start worker process 27
2023/04/22 08:11:48 [notice] 1#1: signal 3 (SIGQUIT) received, shutting down
2023/04/22 08:11:48 [notice] 20#20: gracefully shutting down
2023/04/22 08:11:48 [notice] 21#21: gracefully shutting down
2023/04/22 08:11:48 [notice] 23#23: gracefully shutting down
2023/04/22 08:11:48 [notice] 24#24: gracefully shutting down
2023/04/22 08:11:48 [notice] 22#22: gracefully shutting down
2023/04/22 08:11:48 [notice] 26#26: gracefully shutting down
2023/04/22 08:11:48 [notice] 27#27: gracefully shutting down
2023/04/22 08:11:48 [notice] 25#25: gracefully shutting down
2023/04/22 08:11:48 [notice] 20#20: exiting
2023/04/22 08:11:48 [notice] 21#21: exiting
2023/04/22 08:11:48 [notice] 23#23: exiting
2023/04/22 08:11:48 [notice] 24#24: exiting
2023/04/22 08:11:48 [notice] 22#22: exiting
2023/04/22 08:11:48 [notice] 26#26: exiting
2023/04/22 08:11:48 [notice] 27#27: exiting
2023/04/22 08:11:48 [notice] 25#25: exiting
2023/04/22 08:11:48 [notice] 20#20: exit
2023/04/22 08:11:48 [notice] 21#21: exit
2023/04/22 08:11:48 [notice] 23#23: exit
2023/04/22 08:11:48 [notice] 24#24: exit
2023/04/22 08:11:48 [notice] 22#22: exit
2023/04/22 08:11:48 [notice] 26#26: exit
2023/04/22 08:11:48 [notice] 27#27: exit
2023/04/22 08:11:48 [notice] 25#25: exit
2023/04/22 08:11:48 [notice] 1#1: signal 17 (SIGCHLD) received from 26
2023/04/22 08:11:48 [notice] 1#1: worker process 26 exited with code 0
2023/04/22 08:11:48 [notice] 1#1: signal 29 (SIGIO) received
2023/04/22 08:11:48 [notice] 1#1: signal 17 (SIGCHLD) received from 22
2023/04/22 08:11:48 [notice] 1#1: worker process 22 exited with code 0
2023/04/22 08:11:48 [notice] 1#1: worker process 24 exited with code 0
2023/04/22 08:11:48 [notice] 1#1: signal 29 (SIGIO) received
2023/04/22 08:11:48 [notice] 1#1: signal 17 (SIGCHLD) received from 20
2023/04/22 08:11:48 [notice] 1#1: worker process 20 exited with code 0
2023/04/22 08:11:48 [notice] 1#1: worker process 27 exited with code 0
2023/04/22 08:11:48 [notice] 1#1: signal 29 (SIGIO) received
2023/04/22 08:11:48 [notice] 1#1: signal 17 (SIGCHLD) received from 23
2023/04/22 08:11:48 [notice] 1#1: worker process 23 exited with code 0
2023/04/22 08:11:48 [notice] 1#1: signal 29 (SIGIO) received
2023/04/22 08:11:48 [notice] 1#1: signal 17 (SIGCHLD) received from 21
2023/04/22 08:11:48 [notice] 1#1: worker process 21 exited with code 0
2023/04/22 08:11:48 [notice] 1#1: worker process 25 exited with code 0
2023/04/22 08:11:48 [notice] 1#1: exit
2023/04/22 08:54:21 [notice] 1#1: using the "epoll" event method
2023/04/22 08:54:21 [notice] 1#1: nginx/1.23.3
2023/04/22 08:54:21 [notice] 1#1: built by gcc 10.2.1 20210110 (Debian 10.2.1-6) 
2023/04/22 08:54:21 [notice] 1#1: OS: Linux 5.15.90.1-microsoft-standard-WSL2
2023/04/22 08:54:21 [notice] 1#1: getrlimit(RLIMIT_NOFILE): 1048576:1048576
2023/04/22 08:54:21 [notice] 1#1: start worker processes
2023/04/22 08:54:21 [notice] 1#1: start worker process 20
2023/04/22 08:54:21 [notice] 1#1: start worker process 21
2023/04/22 08:54:21 [notice] 1#1: start worker process 22
2023/04/22 08:54:21 [notice] 1#1: start worker process 23
2023/04/22 08:54:21 [notice] 1#1: start worker process 24
2023/04/22 08:54:21 [notice] 1#1: start worker process 25
2023/04/22 08:54:21 [notice] 1#1: start worker process 26
2023/04/22 08:54:21 [notice] 1#1: start worker process 27
2023/04/22 08:55:33 [notice] 1#1: signal 3 (SIGQUIT) received, shutting down
2023/04/22 08:55:33 [notice] 20#20: gracefully shutting down
2023/04/22 08:55:33 [notice] 21#21: gracefully shutting down
2023/04/22 08:55:33 [notice] 22#22: gracefully shutting down
2023/04/22 08:55:33 [notice] 25#25: gracefully shutting down
2023/04/22 08:55:33 [notice] 24#24: gracefully shutting down
2023/04/22 08:55:33 [notice] 23#23: gracefully shutting down
2023/04/22 08:55:33 [notice] 26#26: gracefully shutting down
2023/04/22 08:55:33 [notice] 27#27: gracefully shutting down
2023/04/22 08:55:33 [notice] 20#20: exiting
2023/04/22 08:55:33 [notice] 21#21: exiting
2023/04/22 08:55:33 [notice] 22#22: exiting
2023/04/22 08:55:33 [notice] 25#25: exiting
2023/04/22 08:55:33 [notice] 24#24: exiting
2023/04/22 08:55:33 [notice] 23#23: exiting
2023/04/22 08:55:33 [notice] 26#26: exiting
2023/04/22 08:55:33 [notice] 27#27: exiting
2023/04/22 08:55:33 [notice] 20#20: exit
2023/04/22 08:55:33 [notice] 21#21: exit
2023/04/22 08:55:33 [notice] 22#22: exit
2023/04/22 08:55:33 [notice] 25#25: exit
2023/04/22 08:55:33 [notice] 24#24: exit
2023/04/22 08:55:33 [notice] 23#23: exit
2023/04/22 08:55:33 [notice] 26#26: exit
2023/04/22 08:55:33 [notice] 27#27: exit
2023/04/22 08:55:33 [notice] 1#1: signal 17 (SIGCHLD) received from 20
2023/04/22 08:55:33 [notice] 1#1: worker process 20 exited with code 0
2023/04/22 08:55:33 [notice] 1#1: signal 29 (SIGIO) received
2023/04/22 08:55:33 [notice] 1#1: signal 17 (SIGCHLD) received from 23
2023/04/22 08:55:33 [notice] 1#1: worker process 23 exited with code 0
2023/04/22 08:55:33 [notice] 1#1: signal 29 (SIGIO) received
2023/04/22 08:55:33 [notice] 1#1: signal 17 (SIGCHLD) received from 26
2023/04/22 08:55:33 [notice] 1#1: worker process 21 exited with code 0
2023/04/22 08:55:33 [notice] 1#1: worker process 24 exited with code 0
2023/04/22 08:55:33 [notice] 1#1: worker process 25 exited with code 0
2023/04/22 08:55:33 [notice] 1#1: worker process 26 exited with code 0
2023/04/22 08:55:33 [notice] 1#1: worker process 27 exited with code 0
2023/04/22 08:55:33 [notice] 1#1: signal 29 (SIGIO) received
2023/04/22 08:55:33 [notice] 1#1: signal 17 (SIGCHLD) received from 25
2023/04/22 08:55:33 [notice] 1#1: signal 17 (SIGCHLD) received from 22
2023/04/22 08:55:33 [notice] 1#1: worker process 22 exited with code 0
2023/04/22 08:55:33 [notice] 1#1: exit
2023/04/22 08:56:04 [notice] 1#1: using the "epoll" event method
2023/04/22 08:56:04 [notice] 1#1: nginx/1.23.3
2023/04/22 08:56:04 [notice] 1#1: built by gcc 10.2.1 20210110 (Debian 10.2.1-6) 
2023/04/22 08:56:04 [notice] 1#1: OS: Linux 5.15.90.1-microsoft-standard-WSL2
2023/04/22 08:56:04 [notice] 1#1: getrlimit(RLIMIT_NOFILE): 1048576:1048576
2023/04/22 08:56:04 [notice] 1#1: start worker processes
2023/04/22 08:56:04 [notice] 1#1: start worker process 20
2023/04/22 08:56:04 [notice] 1#1: start worker process 21
2023/04/22 08:56:04 [notice] 1#1: start worker process 22
2023/04/22 08:56:04 [notice] 1#1: start worker process 23
2023/04/22 08:56:04 [notice] 1#1: start worker process 24
2023/04/22 08:56:04 [notice] 1#1: start worker process 25
2023/04/22 08:56:04 [notice] 1#1: start worker process 26
2023/04/22 08:56:04 [notice] 1#1: start worker process 27
2023/04/22 08:56:32 [error] 20#20: *1 connect() failed (111: Connection refused) while connecting to upstream, client: 172.30.0.1, server: localhost, request: "POST /api/register/ HTTP/1.1", upstream: "uwsgi://172.30.0.3:8000", host: "127.0.0.1:80"
2023/04/22 09:15:43 [notice] 1#1: signal 3 (SIGQUIT) received, shutting down
2023/04/22 09:15:43 [notice] 20#20: gracefully shutting down
2023/04/22 09:15:43 [notice] 22#22: gracefully shutting down
2023/04/22 09:15:43 [notice] 25#25: gracefully shutting down
2023/04/22 09:15:43 [notice] 24#24: gracefully shutting down
2023/04/22 09:15:43 [notice] 24#24: exiting
2023/04/22 09:15:43 [notice] 21#21: gracefully shutting down
2023/04/22 09:15:43 [notice] 26#26: gracefully shutting down
2023/04/22 09:15:43 [notice] 27#27: gracefully shutting down
2023/04/22 09:15:43 [notice] 23#23: gracefully shutting down
2023/04/22 09:15:43 [notice] 20#20: exiting
2023/04/22 09:15:43 [notice] 22#22: exiting
2023/04/22 09:15:43 [notice] 25#25: exiting
2023/04/22 09:15:43 [notice] 24#24: exit
2023/04/22 09:15:43 [notice] 21#21: exiting
2023/04/22 09:15:43 [notice] 26#26: exiting
2023/04/22 09:15:43 [notice] 27#27: exiting
2023/04/22 09:15:43 [notice] 23#23: exiting
2023/04/22 09:15:43 [notice] 20#20: exit
2023/04/22 09:15:43 [notice] 22#22: exit
2023/04/22 09:15:43 [notice] 25#25: exit
2023/04/22 09:15:43 [notice] 21#21: exit
2023/04/22 09:15:43 [notice] 26#26: exit
2023/04/22 09:15:43 [notice] 27#27: exit
2023/04/22 09:15:43 [notice] 23#23: exit
2023/04/22 09:15:43 [notice] 1#1: signal 17 (SIGCHLD) received from 24
2023/04/22 09:15:43 [notice] 1#1: worker process 24 exited with code 0
2023/04/22 09:15:43 [notice] 1#1: signal 29 (SIGIO) received
2023/04/22 09:15:43 [notice] 1#1: signal 17 (SIGCHLD) received from 26
2023/04/22 09:15:43 [notice] 1#1: worker process 25 exited with code 0
2023/04/22 09:15:43 [notice] 1#1: worker process 26 exited with code 0
2023/04/22 09:15:43 [notice] 1#1: worker process 27 exited with code 0
2023/04/22 09:15:43 [notice] 1#1: signal 29 (SIGIO) received
2023/04/22 09:15:43 [notice] 1#1: signal 17 (SIGCHLD) received from 23
2023/04/22 09:15:43 [notice] 1#1: worker process 21 exited with code 0
2023/04/22 09:15:43 [notice] 1#1: worker process 22 exited with code 0
2023/04/22 09:15:43 [notice] 1#1: worker process 23 exited with code 0
2023/04/22 09:15:43 [notice] 1#1: signal 29 (SIGIO) received
2023/04/22 09:15:43 [notice] 1#1: signal 17 (SIGCHLD) received from 20
2023/04/22 09:15:43 [notice] 1#1: worker process 20 exited with code 0
2023/04/22 09:15:43 [notice] 1#1: exit
2023/04/22 10:17:52 [notice] 1#1: using the "epoll" event method
2023/04/22 10:17:52 [notice] 1#1: nginx/1.23.3
2023/04/22 10:17:52 [notice] 1#1: built by gcc 10.2.1 20210110 (Debian 10.2.1-6) 
2023/04/22 10:17:52 [notice] 1#1: OS: Linux 5.15.90.1-microsoft-standard-WSL2
2023/04/22 10:17:52 [notice] 1#1: getrlimit(RLIMIT_NOFILE): 1048576:1048576
2023/04/22 10:17:52 [notice] 1#1: start worker processes
2023/04/22 10:17:52 [notice] 1#1: start worker process 20
2023/04/22 10:17:52 [notice] 1#1: start worker process 21
2023/04/22 10:17:52 [notice] 1#1: start worker process 22
2023/04/22 10:17:52 [notice] 1#1: start worker process 23
2023/04/22 10:17:52 [notice] 1#1: start worker process 24
2023/04/22 10:17:52 [notice] 1#1: start worker process 25
2023/04/22 10:17:52 [notice] 1#1: start worker process 26
2023/04/22 10:17:52 [notice] 1#1: start worker process 27
2023/04/22 10:21:51 [error] 20#20: *1 connect() failed (111: Connection refused) while connecting to upstream, client: 172.30.0.1, server: localhost, request: "POST /api/login/ HTTP/1.1", upstream: "uwsgi://172.30.0.3:8000", host: "127.0.0.1:80"
2023/04/22 10:28:20 [error] 21#21: *3 upstream sent invalid header: "deflate,\x20..." while reading response header from upstream, client: 172.30.0.1, server: localhost, request: "POST /api/login/ HTTP/1.1", upstream: "uwsgi://172.30.0.3:8000", host: "127.0.0.1:80"
2023/04/22 10:28:48 [error] 21#21: *3 upstream sent invalid header: "deflate,\x20..." while reading response header from upstream, client: 172.30.0.1, server: localhost, request: "POST /api/register/ HTTP/1.1", upstream: "uwsgi://172.30.0.3:8000", host: "127.0.0.1:80"
2023/04/22 10:29:02 [error] 21#21: *3 upstream sent invalid header: "deflate,\x20..." while reading response header from upstream, client: 172.30.0.1, server: localhost, request: "POST /api/register/ HTTP/1.1", upstream: "uwsgi://172.30.0.3:8000", host: "127.0.0.1:80"
2023/04/22 10:34:31 [notice] 1#1: signal 3 (SIGQUIT) received, shutting down
2023/04/22 10:34:31 [notice] 21#21: gracefully shutting down
2023/04/22 10:34:31 [notice] 20#20: gracefully shutting down
2023/04/22 10:34:31 [notice] 26#26: gracefully shutting down
2023/04/22 10:34:31 [notice] 22#22: gracefully shutting down
2023/04/22 10:34:31 [notice] 24#24: gracefully shutting down
2023/04/22 10:34:31 [notice] 25#25: gracefully shutting down
2023/04/22 10:34:31 [notice] 23#23: gracefully shutting down
2023/04/22 10:34:31 [notice] 27#27: gracefully shutting down
2023/04/22 10:34:31 [notice] 21#21: exiting
2023/04/22 10:34:31 [notice] 20#20: exiting
2023/04/22 10:34:31 [notice] 26#26: exiting
2023/04/22 10:34:31 [notice] 22#22: exiting
2023/04/22 10:34:31 [notice] 24#24: exiting
2023/04/22 10:34:31 [notice] 25#25: exiting
2023/04/22 10:34:31 [notice] 23#23: exiting
2023/04/22 10:34:31 [notice] 27#27: exiting
2023/04/22 10:34:31 [notice] 21#21: exit
2023/04/22 10:34:31 [notice] 20#20: exit
2023/04/22 10:34:31 [notice] 26#26: exit
2023/04/22 10:34:31 [notice] 22#22: exit
2023/04/22 10:34:31 [notice] 24#24: exit
2023/04/22 10:34:31 [notice] 25#25: exit
2023/04/22 10:34:31 [notice] 23#23: exit
2023/04/22 10:34:31 [notice] 27#27: exit
2023/04/22 10:34:32 [notice] 1#1: signal 17 (SIGCHLD) received from 26
2023/04/22 10:34:32 [notice] 1#1: worker process 26 exited with code 0
2023/04/22 10:34:32 [notice] 1#1: signal 29 (SIGIO) received
2023/04/22 10:34:32 [notice] 1#1: signal 17 (SIGCHLD) received from 23
2023/04/22 10:34:32 [notice] 1#1: worker process 23 exited with code 0
2023/04/22 10:34:32 [notice] 1#1: signal 29 (SIGIO) received
2023/04/22 10:34:32 [notice] 1#1: signal 17 (SIGCHLD) received from 25
2023/04/22 10:34:32 [notice] 1#1: worker process 20 exited with code 0
2023/04/22 10:34:32 [notice] 1#1: worker process 25 exited with code 0
2023/04/22 10:34:32 [notice] 1#1: signal 29 (SIGIO) received
2023/04/22 10:34:32 [notice] 1#1: signal 17 (SIGCHLD) received from 21
2023/04/22 10:34:32 [notice] 1#1: worker process 21 exited with code 0
2023/04/22 10:34:32 [notice] 1#1: worker process 22 exited with code 0
2023/04/22 10:34:32 [notice] 1#1: signal 29 (SIGIO) received
2023/04/22 10:34:32 [notice] 1#1: signal 17 (SIGCHLD) received from 27
2023/04/22 10:34:32 [notice] 1#1: worker process 24 exited with code 0
2023/04/22 10:34:32 [notice] 1#1: worker process 27 exited with code 0
2023/04/22 10:34:32 [notice] 1#1: exit
2023/04/22 10:34:55 [notice] 1#1: using the "epoll" event method
2023/04/22 10:34:55 [notice] 1#1: nginx/1.23.3
2023/04/22 10:34:55 [notice] 1#1: built by gcc 10.2.1 20210110 (Debian 10.2.1-6) 
2023/04/22 10:34:55 [notice] 1#1: OS: Linux 5.15.90.1-microsoft-standard-WSL2
2023/04/22 10:34:55 [notice] 1#1: getrlimit(RLIMIT_NOFILE): 1048576:1048576
2023/04/22 10:34:55 [notice] 1#1: start worker processes
2023/04/22 10:34:55 [notice] 1#1: start worker process 20
2023/04/22 10:34:55 [notice] 1#1: start worker process 21
2023/04/22 10:34:55 [notice] 1#1: start worker process 22
2023/04/22 10:34:55 [notice] 1#1: start worker process 23
2023/04/22 10:34:55 [notice] 1#1: start worker process 24
2023/04/22 10:34:55 [notice] 1#1: start worker process 25
2023/04/22 10:34:55 [notice] 1#1: start worker process 26
2023/04/22 10:34:55 [notice] 1#1: start worker process 27
2023/04/22 10:35:33 [error] 20#20: *1 connect() failed (111: Connection refused) while connecting to upstream, client: 172.30.0.1, server: localhost, request: "POST /api/register/ HTTP/1.1", upstream: "uwsgi://172.30.0.3:8000", host: "127.0.0.1:80"
2023/04/22 10:35:35 [error] 20#20: *1 connect() failed (111: Connection refused) while connecting to upstream, client: 172.30.0.1, server: localhost, request: "POST /api/register/ HTTP/1.1", upstream: "uwsgi://172.30.0.3:8000", host: "127.0.0.1:80"
2023/04/22 12:05:37 [notice] 1#1: signal 3 (SIGQUIT) received, shutting down
2023/04/22 12:05:37 [notice] 20#20: gracefully shutting down
2023/04/22 12:05:37 [notice] 22#22: gracefully shutting down
2023/04/22 12:05:37 [notice] 21#21: gracefully shutting down
2023/04/22 12:05:37 [notice] 23#23: gracefully shutting down
2023/04/22 12:05:37 [notice] 24#24: gracefully shutting down
2023/04/22 12:05:37 [notice] 25#25: gracefully shutting down
2023/04/22 12:05:37 [notice] 26#26: gracefully shutting down
2023/04/22 12:05:37 [notice] 27#27: gracefully shutting down
2023/04/22 12:05:37 [notice] 20#20: exiting
2023/04/22 12:05:37 [notice] 22#22: exiting
2023/04/22 12:05:37 [notice] 21#21: exiting
2023/04/22 12:05:37 [notice] 23#23: exiting
2023/04/22 12:05:37 [notice] 24#24: exiting
2023/04/22 12:05:37 [notice] 25#25: exiting
2023/04/22 12:05:37 [notice] 26#26: exiting
2023/04/22 12:05:37 [notice] 27#27: exiting
2023/04/22 12:05:37 [notice] 20#20: exit
2023/04/22 12:05:37 [notice] 22#22: exit
2023/04/22 12:05:37 [notice] 21#21: exit
2023/04/22 12:05:37 [notice] 23#23: exit
2023/04/22 12:05:37 [notice] 24#24: exit
2023/04/22 12:05:37 [notice] 25#25: exit
2023/04/22 12:05:37 [notice] 26#26: exit
2023/04/22 12:05:37 [notice] 27#27: exit
2023/04/22 12:05:37 [notice] 1#1: signal 17 (SIGCHLD) received from 25
2023/04/22 12:05:37 [notice] 1#1: worker process 25 exited with code 0
2023/04/22 12:05:37 [notice] 1#1: signal 29 (SIGIO) received
2023/04/22 12:05:37 [notice] 1#1: signal 17 (SIGCHLD) received from 26
2023/04/22 12:05:37 [notice] 1#1: worker process 20 exited with code 0
2023/04/22 12:05:37 [notice] 1#1: worker process 21 exited with code 0
2023/04/22 12:05:37 [notice] 1#1: worker process 22 exited with code 0
2023/04/22 12:05:37 [notice] 1#1: worker process 23 exited with code 0
2023/04/22 12:05:37 [notice] 1#1: worker process 26 exited with code 0
2023/04/22 12:05:37 [notice] 1#1: worker process 27 exited with code 0
2023/04/22 12:05:37 [notice] 1#1: signal 29 (SIGIO) received
2023/04/22 12:05:37 [notice] 1#1: signal 17 (SIGCHLD) received from 24
2023/04/22 12:05:37 [notice] 1#1: worker process 24 exited with code 0
2023/04/22 12:05:37 [notice] 1#1: exit
2023/04/22 13:37:12 [notice] 1#1: using the "epoll" event method
2023/04/22 13:37:12 [notice] 1#1: nginx/1.23.3
2023/04/22 13:37:12 [notice] 1#1: built by gcc 10.2.1 20210110 (Debian 10.2.1-6) 
2023/04/22 13:37:12 [notice] 1#1: OS: Linux 5.15.90.1-microsoft-standard-WSL2
2023/04/22 13:37:12 [notice] 1#1: getrlimit(RLIMIT_NOFILE): 1048576:1048576
2023/04/22 13:37:12 [notice] 1#1: start worker processes
2023/04/22 13:37:12 [notice] 1#1: start worker process 20
2023/04/22 13:37:12 [notice] 1#1: start worker process 21
2023/04/22 13:37:12 [notice] 1#1: start worker process 22
2023/04/22 13:37:12 [notice] 1#1: start worker process 23
2023/04/22 13:37:12 [notice] 1#1: start worker process 24
2023/04/22 13:37:12 [notice] 1#1: start worker process 25
2023/04/22 13:37:12 [notice] 1#1: start worker process 26
2023/04/22 13:37:12 [notice] 1#1: start worker process 27
2023/04/22 13:38:58 [notice] 1#1: signal 3 (SIGQUIT) received, shutting down
2023/04/22 13:38:58 [notice] 20#20: gracefully shutting down
2023/04/22 13:38:58 [notice] 21#21: gracefully shutting down
2023/04/22 13:38:58 [notice] 23#23: gracefully shutting down
2023/04/22 13:38:58 [notice] 23#23: exiting
2023/04/22 13:38:58 [notice] 22#22: gracefully shutting down
2023/04/22 13:38:58 [notice] 25#25: gracefully shutting down
2023/04/22 13:38:58 [notice] 27#27: gracefully shutting down
2023/04/22 13:38:58 [notice] 26#26: gracefully shutting down
2023/04/22 13:38:58 [notice] 24#24: gracefully shutting down
2023/04/22 13:38:58 [notice] 20#20: exiting
2023/04/22 13:38:58 [notice] 21#21: exiting
2023/04/22 13:38:58 [notice] 23#23: exit
2023/04/22 13:38:58 [notice] 22#22: exiting
2023/04/22 13:38:58 [notice] 25#25: exiting
2023/04/22 13:38:58 [notice] 27#27: exiting
2023/04/22 13:38:58 [notice] 26#26: exiting
2023/04/22 13:38:58 [notice] 24#24: exiting
2023/04/22 13:38:58 [notice] 20#20: exit
2023/04/22 13:38:58 [notice] 21#21: exit
2023/04/22 13:38:58 [notice] 22#22: exit
2023/04/22 13:38:58 [notice] 25#25: exit
2023/04/22 13:38:58 [notice] 27#27: exit
2023/04/22 13:38:58 [notice] 26#26: exit
2023/04/22 13:38:58 [notice] 24#24: exit
2023/04/22 13:38:59 [notice] 1#1: signal 17 (SIGCHLD) received from 27
2023/04/22 13:38:59 [notice] 1#1: worker process 25 exited with code 0
2023/04/22 13:38:59 [notice] 1#1: worker process 27 exited with code 0
2023/04/22 13:38:59 [notice] 1#1: signal 29 (SIGIO) received
2023/04/22 13:38:59 [notice] 1#1: signal 17 (SIGCHLD) received from 22
2023/04/22 13:38:59 [notice] 1#1: worker process 21 exited with code 0
2023/04/22 13:38:59 [notice] 1#1: worker process 22 exited with code 0
2023/04/22 13:38:59 [notice] 1#1: worker process 24 exited with code 0
2023/04/22 13:38:59 [notice] 1#1: signal 29 (SIGIO) received
2023/04/22 13:38:59 [notice] 1#1: signal 17 (SIGCHLD) received from 20
2023/04/22 13:38:59 [notice] 1#1: worker process 20 exited with code 0
2023/04/22 13:38:59 [notice] 1#1: worker process 23 exited with code 0
2023/04/22 13:38:59 [notice] 1#1: worker process 26 exited with code 0
2023/04/22 13:38:59 [notice] 1#1: exit
2023/04/22 13:45:02 [notice] 1#1: using the "epoll" event method
2023/04/22 13:45:02 [notice] 1#1: nginx/1.23.3
2023/04/22 13:45:02 [notice] 1#1: built by gcc 10.2.1 20210110 (Debian 10.2.1-6) 
2023/04/22 13:45:02 [notice] 1#1: OS: Linux 5.15.90.1-microsoft-standard-WSL2
2023/04/22 13:45:02 [notice] 1#1: getrlimit(RLIMIT_NOFILE): 1048576:1048576
2023/04/22 13:45:02 [notice] 1#1: start worker processes
2023/04/22 13:45:02 [notice] 1#1: start worker process 20
2023/04/22 13:45:02 [notice] 1#1: start worker process 21
2023/04/22 13:45:02 [notice] 1#1: start worker process 22
2023/04/22 13:45:02 [notice] 1#1: start worker process 23
2023/04/22 13:45:02 [notice] 1#1: start worker process 24
2023/04/22 13:45:02 [notice] 1#1: start worker process 25
2023/04/22 13:45:02 [notice] 1#1: start worker process 26
2023/04/22 13:45:02 [notice] 1#1: start worker process 27
2023/04/22 13:46:36 [notice] 1#1: signal 3 (SIGQUIT) received, shutting down
2023/04/22 13:46:36 [notice] 20#20: gracefully shutting down
2023/04/22 13:46:36 [notice] 20#20: exiting
2023/04/22 13:46:36 [notice] 24#24: gracefully shutting down
2023/04/22 13:46:36 [notice] 24#24: exiting
2023/04/22 13:46:36 [notice] 21#21: gracefully shutting down
2023/04/22 13:46:36 [notice] 22#22: gracefully shutting down
2023/04/22 13:46:36 [notice] 23#23: gracefully shutting down
2023/04/22 13:46:36 [notice] 25#25: gracefully shutting down
2023/04/22 13:46:36 [notice] 26#26: gracefully shutting down
2023/04/22 13:46:36 [notice] 27#27: gracefully shutting down
2023/04/22 13:46:36 [notice] 20#20: exit
2023/04/22 13:46:36 [notice] 24#24: exit
2023/04/22 13:46:36 [notice] 21#21: exiting
2023/04/22 13:46:36 [notice] 22#22: exiting
2023/04/22 13:46:36 [notice] 23#23: exiting
2023/04/22 13:46:36 [notice] 25#25: exiting
2023/04/22 13:46:36 [notice] 26#26: exiting
2023/04/22 13:46:36 [notice] 27#27: exiting
2023/04/22 13:46:36 [notice] 21#21: exit
2023/04/22 13:46:36 [notice] 22#22: exit
2023/04/22 13:46:36 [notice] 23#23: exit
2023/04/22 13:46:36 [notice] 25#25: exit
2023/04/22 13:46:36 [notice] 26#26: exit
2023/04/22 13:46:36 [notice] 27#27: exit
2023/04/22 13:46:36 [notice] 1#1: signal 17 (SIGCHLD) received from 22
2023/04/22 13:46:36 [notice] 1#1: worker process 22 exited with code 0
2023/04/22 13:46:36 [notice] 1#1: signal 29 (SIGIO) received
2023/04/22 13:46:36 [notice] 1#1: signal 17 (SIGCHLD) received from 26
2023/04/22 13:46:36 [notice] 1#1: worker process 21 exited with code 0
2023/04/22 13:46:36 [notice] 1#1: worker process 26 exited with code 0
2023/04/22 13:46:36 [notice] 1#1: worker process 27 exited with code 0
2023/04/22 13:46:36 [notice] 1#1: signal 29 (SIGIO) received
2023/04/22 13:46:36 [notice] 1#1: signal 17 (SIGCHLD) received from 23
2023/04/22 13:46:36 [notice] 1#1: worker process 20 exited with code 0
2023/04/22 13:46:36 [notice] 1#1: worker process 23 exited with code 0
2023/04/22 13:46:36 [notice] 1#1: worker process 25 exited with code 0
2023/04/22 13:46:36 [notice] 1#1: signal 29 (SIGIO) received
2023/04/22 13:46:36 [notice] 1#1: signal 17 (SIGCHLD) received from 24
2023/04/22 13:46:36 [notice] 1#1: worker process 24 exited with code 0
2023/04/22 13:46:36 [notice] 1#1: exit
2023/04/24 03:49:04 [notice] 1#1: using the "epoll" event method
2023/04/24 03:49:04 [notice] 1#1: nginx/1.23.3
2023/04/24 03:49:04 [notice] 1#1: built by gcc 10.2.1 20210110 (Debian 10.2.1-6) 
2023/04/24 03:49:04 [notice] 1#1: OS: Linux 5.15.90.1-microsoft-standard-WSL2
2023/04/24 03:49:04 [notice] 1#1: getrlimit(RLIMIT_NOFILE): 1048576:1048576
2023/04/24 03:49:04 [notice] 1#1: start worker processes
2023/04/24 03:49:04 [notice] 1#1: start worker process 20
2023/04/24 03:49:04 [notice] 1#1: start worker process 21
2023/04/24 03:49:04 [notice] 1#1: start worker process 22
2023/04/24 03:49:04 [notice] 1#1: start worker process 23
2023/04/24 03:49:04 [notice] 1#1: start worker process 24
2023/04/24 03:49:04 [notice] 1#1: start worker process 25
2023/04/24 03:49:04 [notice] 1#1: start worker process 26
2023/04/24 03:49:04 [notice] 1#1: start worker process 27
2023/04/24 03:50:21 [notice] 1#1: signal 3 (SIGQUIT) received, shutting down
2023/04/24 03:50:21 [notice] 20#20: gracefully shutting down
2023/04/24 03:50:21 [notice] 21#21: gracefully shutting down
2023/04/24 03:50:21 [notice] 22#22: gracefully shutting down
2023/04/24 03:50:21 [notice] 23#23: gracefully shutting down
2023/04/24 03:50:21 [notice] 24#24: gracefully shutting down
2023/04/24 03:50:21 [notice] 26#26: gracefully shutting down
2023/04/24 03:50:21 [notice] 25#25: gracefully shutting down
2023/04/24 03:50:21 [notice] 27#27: gracefully shutting down
2023/04/24 03:50:21 [notice] 20#20: exiting
2023/04/24 03:50:21 [notice] 21#21: exiting
2023/04/24 03:50:21 [notice] 22#22: exiting
2023/04/24 03:50:21 [notice] 23#23: exiting
2023/04/24 03:50:21 [notice] 24#24: exiting
2023/04/24 03:50:21 [notice] 26#26: exiting
2023/04/24 03:50:21 [notice] 25#25: exiting
2023/04/24 03:50:21 [notice] 27#27: exiting
2023/04/24 03:50:21 [notice] 20#20: exit
2023/04/24 03:50:21 [notice] 21#21: exit
2023/04/24 03:50:21 [notice] 22#22: exit
2023/04/24 03:50:21 [notice] 23#23: exit
2023/04/24 03:50:21 [notice] 24#24: exit
2023/04/24 03:50:21 [notice] 26#26: exit
2023/04/24 03:50:21 [notice] 25#25: exit
2023/04/24 03:50:21 [notice] 27#27: exit
2023/04/24 03:50:21 [notice] 1#1: signal 17 (SIGCHLD) received from 26
2023/04/24 03:50:21 [notice] 1#1: worker process 23 exited with code 0
2023/04/24 03:50:21 [notice] 1#1: worker process 26 exited with code 0
2023/04/24 03:50:21 [notice] 1#1: signal 29 (SIGIO) received
2023/04/24 03:50:21 [notice] 1#1: signal 17 (SIGCHLD) received from 25
2023/04/24 03:50:21 [notice] 1#1: worker process 22 exited with code 0
2023/04/24 03:50:21 [notice] 1#1: worker process 25 exited with code 0
2023/04/24 03:50:21 [notice] 1#1: signal 29 (SIGIO) received
2023/04/24 03:50:21 [notice] 1#1: signal 17 (SIGCHLD) received from 20
2023/04/24 03:50:21 [notice] 1#1: worker process 20 exited with code 0
2023/04/24 03:50:21 [notice] 1#1: worker process 21 exited with code 0
2023/04/24 03:50:21 [notice] 1#1: worker process 27 exited with code 0
2023/04/24 03:50:21 [notice] 1#1: signal 29 (SIGIO) received
2023/04/24 03:50:21 [notice] 1#1: signal 17 (SIGCHLD) received from 24
2023/04/24 03:50:21 [notice] 1#1: worker process 24 exited with code 0
2023/04/24 03:50:21 [notice] 1#1: exit
